#-----------------------------------------------------------
# Webtalk v2017.2 (64-bit)
# SW Build 1909853 on Thu Jun 15 18:39:10 MDT 2017
# 
# Start of session at: Wed Sep 13 09:13:21 2017
# Process ID: 24247
# Current directory: /home/rumney/Documents/jpl_git/pfs/pfs_develop/pfs_ctrlr/pfs_ctrlr.sdk/webtalk
# Command line: wbtcv -mode batch -source sdk_webtalk.tcl
# Log file: /home/rumney/Documents/jpl_git/pfs/pfs_develop/pfs_ctrlr/pfs_ctrlr.sdk/webtalk/webtalk.log
# Journal file: /home/rumney/Documents/jpl_git/pfs/pfs_develop/pfs_ctrlr/pfs_ctrlr.sdk/webtalk/webtalk.jou
#-----------------------------------------------------------
source sdk_webtalk.tcl
# webtalk_init -webtalk_dir /home/rumney/Documents/jpl_git/pfs/pfs_develop/pfs_ctrlr/pfs_ctrlr.sdk/webtalk
# webtalk_register_client -client project
# webtalk_add_data -client project -key date_generated -value "2017-09-13 09:13:20" -context "software_version_and_target_device"
# webtalk_add_data -client project -key product_version -value "SDK v2017.2" -context "software_version_and_target_device"
# webtalk_add_data -client project -key build_version -value "2017.2" -context "software_version_and_target_device"
# webtalk_add_data -client project -key os_platform -value "amd64" -context "software_version_and_target_device"
# webtalk_add_data -client project -key registration_id -value "174410363_174119315_0_960" -context "software_version_and_target_device"
# webtalk_add_data -client project -key tool_flow -value "SDK" -context "software_version_and_target_device"
# webtalk_add_data -client project -key beta -value "false" -context "software_version_and_target_device"
# webtalk_add_data -client project -key route_design -value "NA" -context "software_version_and_target_device"
# webtalk_add_data -client project -key target_family -value "NA" -context "software_version_and_target_device"
# webtalk_add_data -client project -key target_device -value "NA" -context "software_version_and_target_device"
# webtalk_add_data -client project -key target_package -value "NA" -context "software_version_and_target_device"
# webtalk_add_data -client project -key target_speed -value "NA" -context "software_version_and_target_device"
# webtalk_add_data -client project -key random_id -value "99s3i440maui2vhc4jvven7ngc" -context "software_version_and_target_device"
# webtalk_add_data -client project -key project_id -value "2017.2_29" -context "software_version_and_target_device"
# webtalk_add_data -client project -key project_iteration -value "29" -context "software_version_and_target_device"
# webtalk_add_data -client project -key os_name -value "Ubuntu" -context "user_environment"
# webtalk_add_data -client project -key os_release -value "Ubuntu 16.04.3 LTS" -context "user_environment"
# webtalk_add_data -client project -key cpu_name -value "Intel(R) Xeon(R) CPU E5-1630 v4 @ 3.70GHz" -context "user_environment"
# webtalk_add_data -client project -key cpu_speed -value "1513.287 MHz" -context "user_environment"
# webtalk_add_data -client project -key total_processors -value "1" -context "user_environment"
# webtalk_add_data -client project -key system_ram -value "16.000 GB" -context "user_environment"
# webtalk_register_client -client sdk
# webtalk_add_data -client sdk -key uid -value "1505267273000" -context "sdk\\\\hardware/1505267273000"
# webtalk_add_data -client sdk -key isZynq -value "false" -context "sdk\\\\hardware/1505267273000"
# webtalk_add_data -client sdk -key isZynqMP -value "false" -context "sdk\\\\hardware/1505267273000"
# webtalk_add_data -client sdk -key Processors -value "1" -context "sdk\\\\hardware/1505267273000"
# webtalk_add_data -client sdk -key VivadoVersion -value "2017.2" -context "sdk\\\\hardware/1505267273000"
# webtalk_add_data -client sdk -key Arch -value "kintex7" -context "sdk\\\\hardware/1505267273000"
# webtalk_add_data -client sdk -key Device -value "7k325t" -context "sdk\\\\hardware/1505267273000"
# webtalk_add_data -client sdk -key IsHandoff -value "true" -context "sdk\\\\hardware/1505267273000"
# webtalk_add_data -client sdk -key os -value "NA" -context "sdk\\\\hardware/1505267273000"
# webtalk_add_data -client sdk -key apptemplate -value "NA" -context "sdk\\\\hardware/1505267273000"
# webtalk_add_data -client sdk -key RecordType -value "HWCreation" -context "sdk\\\\hardware/1505267273000"
# webtalk_add_data -client sdk -key uid -value "NA" -context "sdk\\\\bsp/1505319200920"
# webtalk_add_data -client sdk -key RecordType -value "ToolUsage" -context "sdk\\\\bsp/1505319200920"
# webtalk_add_data -client sdk -key BootgenCount -value "0" -context "sdk\\\\bsp/1505319200920"
# webtalk_add_data -client sdk -key DebugCount -value "0" -context "sdk\\\\bsp/1505319200920"
# webtalk_add_data -client sdk -key PerfCount -value "0" -context "sdk\\\\bsp/1505319200920"
# webtalk_add_data -client sdk -key FlashCount -value "1" -context "sdk\\\\bsp/1505319200920"
# webtalk_add_data -client sdk -key CrossTriggCount -value "0" -context "sdk\\\\bsp/1505319200920"
# webtalk_add_data -client sdk -key QemuDebugCount -value "0" -context "sdk\\\\bsp/1505319200920"
# webtalk_transmit -clientid 1850552159 -regid "174410363_174119315_0_960" -xml /home/rumney/Documents/jpl_git/pfs/pfs_develop/pfs_ctrlr/pfs_ctrlr.sdk/webtalk/usage_statistics_ext_sdk.xml -html /home/rumney/Documents/jpl_git/pfs/pfs_develop/pfs_ctrlr/pfs_ctrlr.sdk/webtalk/usage_statistics_ext_sdk.html -wdm /home/rumney/Documents/jpl_git/pfs/pfs_develop/pfs_ctrlr/pfs_ctrlr.sdk/webtalk/sdk_webtalk.wdm -intro "<H3>SDK Usage Report</H3><BR>"
# webtalk_terminate
INFO: [Common 17-206] Exiting Webtalk at Wed Sep 13 09:13:21 2017...
