
*** Running vivado
    with args -log block_design_axi_ethernet_0_0.vds -m64 -product Vivado -mode batch -messageDb vivado.pb -notrace -source block_design_axi_ethernet_0_0.tcl


****** Vivado v2017.2 (64-bit)
  **** SW Build 1909853 on Thu Jun 15 18:39:10 MDT 2017
  **** IP Build 1909766 on Thu Jun 15 19:58:00 MDT 2017
    ** Copyright 1986-2017 Xilinx, Inc. All Rights Reserved.

source block_design_axi_ethernet_0_0.tcl -notrace
Starting RTL Elaboration : Time (s): cpu = 00:00:03 ; elapsed = 00:00:03 . Memory (MB): peak = 1238.602 ; gain = 69.000 ; free physical = 1438 ; free virtual = 10100
INFO: [Synth 8-638] synthesizing module 'block_design_axi_ethernet_0_0' [/storage/syncthing/work/pfs_ctrlr/pfs_ctrlr.srcs/sources_1/bd/block_design/ip/block_design_axi_ethernet_0_0/synth/block_design_axi_ethernet_0_0.v:59]
INFO: [Synth 8-638] synthesizing module 'bd_f793' [/storage/syncthing/work/pfs_ctrlr/pfs_ctrlr.srcs/sources_1/bd/block_design/ip/block_design_axi_ethernet_0_0/bd_0/hdl/bd_f793.v:13]
INFO: [Synth 8-638] synthesizing module 'bd_f793_c_counter_binary_0_0' [/storage/syncthing/work/pfs_ctrlr/pfs_ctrlr.runs/block_design_axi_ethernet_0_0_synth_1/.Xil/Vivado-23427-rumney-LMC-062144/realtime/bd_f793_c_counter_binary_0_0_stub.v:6]
INFO: [Synth 8-256] done synthesizing module 'bd_f793_c_counter_binary_0_0' (1#1) [/storage/syncthing/work/pfs_ctrlr/pfs_ctrlr.runs/block_design_axi_ethernet_0_0_synth_1/.Xil/Vivado-23427-rumney-LMC-062144/realtime/bd_f793_c_counter_binary_0_0_stub.v:6]
INFO: [Synth 8-638] synthesizing module 'bd_f793_c_shift_ram_0_0' [/storage/syncthing/work/pfs_ctrlr/pfs_ctrlr.runs/block_design_axi_ethernet_0_0_synth_1/.Xil/Vivado-23427-rumney-LMC-062144/realtime/bd_f793_c_shift_ram_0_0_stub.v:6]
INFO: [Synth 8-256] done synthesizing module 'bd_f793_c_shift_ram_0_0' (2#1) [/storage/syncthing/work/pfs_ctrlr/pfs_ctrlr.runs/block_design_axi_ethernet_0_0_synth_1/.Xil/Vivado-23427-rumney-LMC-062144/realtime/bd_f793_c_shift_ram_0_0_stub.v:6]
INFO: [Synth 8-638] synthesizing module 'bd_f793_eth_buf_0' [/storage/syncthing/work/pfs_ctrlr/pfs_ctrlr.runs/block_design_axi_ethernet_0_0_synth_1/.Xil/Vivado-23427-rumney-LMC-062144/realtime/bd_f793_eth_buf_0_stub.v:6]
INFO: [Synth 8-256] done synthesizing module 'bd_f793_eth_buf_0' (3#1) [/storage/syncthing/work/pfs_ctrlr/pfs_ctrlr.runs/block_design_axi_ethernet_0_0_synth_1/.Xil/Vivado-23427-rumney-LMC-062144/realtime/bd_f793_eth_buf_0_stub.v:6]
INFO: [Synth 8-638] synthesizing module 'bd_f793_mac_0' [/storage/syncthing/work/pfs_ctrlr/pfs_ctrlr.runs/block_design_axi_ethernet_0_0_synth_1/.Xil/Vivado-23427-rumney-LMC-062144/realtime/bd_f793_mac_0_stub.v:6]
INFO: [Synth 8-256] done synthesizing module 'bd_f793_mac_0' (4#1) [/storage/syncthing/work/pfs_ctrlr/pfs_ctrlr.runs/block_design_axi_ethernet_0_0_synth_1/.Xil/Vivado-23427-rumney-LMC-062144/realtime/bd_f793_mac_0_stub.v:6]
INFO: [Synth 8-638] synthesizing module 'bd_f793_util_vector_logic_0_0' [/storage/syncthing/work/pfs_ctrlr/pfs_ctrlr.runs/block_design_axi_ethernet_0_0_synth_1/.Xil/Vivado-23427-rumney-LMC-062144/realtime/bd_f793_util_vector_logic_0_0_stub.v:6]
INFO: [Synth 8-256] done synthesizing module 'bd_f793_util_vector_logic_0_0' (5#1) [/storage/syncthing/work/pfs_ctrlr/pfs_ctrlr.runs/block_design_axi_ethernet_0_0_synth_1/.Xil/Vivado-23427-rumney-LMC-062144/realtime/bd_f793_util_vector_logic_0_0_stub.v:6]
INFO: [Synth 8-638] synthesizing module 'bd_f793_xlconstant_0_0' [/storage/syncthing/work/pfs_ctrlr/pfs_ctrlr.runs/block_design_axi_ethernet_0_0_synth_1/.Xil/Vivado-23427-rumney-LMC-062144/realtime/bd_f793_xlconstant_0_0_stub.v:6]
INFO: [Synth 8-256] done synthesizing module 'bd_f793_xlconstant_0_0' (6#1) [/storage/syncthing/work/pfs_ctrlr/pfs_ctrlr.runs/block_design_axi_ethernet_0_0_synth_1/.Xil/Vivado-23427-rumney-LMC-062144/realtime/bd_f793_xlconstant_0_0_stub.v:6]
INFO: [Synth 8-256] done synthesizing module 'bd_f793' (7#1) [/storage/syncthing/work/pfs_ctrlr/pfs_ctrlr.srcs/sources_1/bd/block_design/ip/block_design_axi_ethernet_0_0/bd_0/hdl/bd_f793.v:13]
INFO: [Synth 8-256] done synthesizing module 'block_design_axi_ethernet_0_0' (8#1) [/storage/syncthing/work/pfs_ctrlr/pfs_ctrlr.srcs/sources_1/bd/block_design/ip/block_design_axi_ethernet_0_0/synth/block_design_axi_ethernet_0_0.v:59]
Finished RTL Elaboration : Time (s): cpu = 00:00:03 ; elapsed = 00:00:03 . Memory (MB): peak = 1279.102 ; gain = 109.500 ; free physical = 1449 ; free virtual = 10111
Finished RTL Optimization Phase 1 : Time (s): cpu = 00:00:03 ; elapsed = 00:00:03 . Memory (MB): peak = 1279.102 ; gain = 109.500 ; free physical = 1451 ; free virtual = 10113
INFO: [Device 21-403] Loading part xc7k325tffg900-2
Constraint Validation Runtime : Time (s): cpu = 00:00:00.06 ; elapsed = 00:00:00.03 . Memory (MB): peak = 1599.281 ; gain = 0.000 ; free physical = 1126 ; free virtual = 9788
Finished Constraint Validation : Time (s): cpu = 00:00:11 ; elapsed = 00:00:11 . Memory (MB): peak = 1599.281 ; gain = 429.680 ; free physical = 1206 ; free virtual = 9868
Finished Loading Part and Timing Information : Time (s): cpu = 00:00:11 ; elapsed = 00:00:11 . Memory (MB): peak = 1599.281 ; gain = 429.680 ; free physical = 1206 ; free virtual = 9868
Finished applying 'set_property' XDC Constraints : Time (s): cpu = 00:00:11 ; elapsed = 00:00:11 . Memory (MB): peak = 1599.281 ; gain = 429.680 ; free physical = 1208 ; free virtual = 9870
Finished RTL Optimization Phase 2 : Time (s): cpu = 00:00:11 ; elapsed = 00:00:11 . Memory (MB): peak = 1599.281 ; gain = 429.680 ; free physical = 1208 ; free virtual = 9870
Finished Cross Boundary and Area Optimization : Time (s): cpu = 00:00:11 ; elapsed = 00:00:11 . Memory (MB): peak = 1599.281 ; gain = 429.680 ; free physical = 1197 ; free virtual = 9859
Finished Applying XDC Timing Constraints : Time (s): cpu = 00:00:15 ; elapsed = 00:00:16 . Memory (MB): peak = 1599.281 ; gain = 429.680 ; free physical = 1072 ; free virtual = 9734
Finished Timing Optimization : Time (s): cpu = 00:00:15 ; elapsed = 00:00:16 . Memory (MB): peak = 1599.281 ; gain = 429.680 ; free physical = 1072 ; free virtual = 9734
Finished Technology Mapping : Time (s): cpu = 00:00:15 ; elapsed = 00:00:16 . Memory (MB): peak = 1604.281 ; gain = 434.680 ; free physical = 1071 ; free virtual = 9733
Finished IO Insertion : Time (s): cpu = 00:00:16 ; elapsed = 00:00:16 . Memory (MB): peak = 1604.281 ; gain = 434.680 ; free physical = 1072 ; free virtual = 9734
Finished Renaming Generated Instances : Time (s): cpu = 00:00:16 ; elapsed = 00:00:16 . Memory (MB): peak = 1604.281 ; gain = 434.680 ; free physical = 1072 ; free virtual = 9734
Finished Rebuilding User Hierarchy : Time (s): cpu = 00:00:16 ; elapsed = 00:00:16 . Memory (MB): peak = 1604.281 ; gain = 434.680 ; free physical = 1072 ; free virtual = 9734
Finished Renaming Generated Ports : Time (s): cpu = 00:00:16 ; elapsed = 00:00:16 . Memory (MB): peak = 1604.281 ; gain = 434.680 ; free physical = 1072 ; free virtual = 9734
Finished Handling Custom Attributes : Time (s): cpu = 00:00:16 ; elapsed = 00:00:16 . Memory (MB): peak = 1604.281 ; gain = 434.680 ; free physical = 1072 ; free virtual = 9734
Finished Renaming Generated Nets : Time (s): cpu = 00:00:16 ; elapsed = 00:00:16 . Memory (MB): peak = 1604.281 ; gain = 434.680 ; free physical = 1072 ; free virtual = 9734

Report Cell Usage: 
+------+------------------------------+------+
|      |Cell                          |Count |
+------+------------------------------+------+
|1     |bd_f793_c_counter_binary_0_0  |     1|
|2     |bd_f793_c_shift_ram_0_0       |     1|
|3     |bd_f793_eth_buf_0             |     1|
|4     |bd_f793_mac_0                 |     1|
|5     |bd_f793_util_vector_logic_0_0 |     1|
|6     |bd_f793_xlconstant_0_0        |     1|
+------+------------------------------+------+
Finished Writing Synthesis Report : Time (s): cpu = 00:00:16 ; elapsed = 00:00:16 . Memory (MB): peak = 1604.281 ; gain = 434.680 ; free physical = 1072 ; free virtual = 9734
synth_design: Time (s): cpu = 00:00:17 ; elapsed = 00:00:18 . Memory (MB): peak = 1621.281 ; gain = 459.559 ; free physical = 1084 ; free virtual = 9746
