Copyright 1986-2017 Xilinx, Inc. All Rights Reserved.
------------------------------------------------------------------------------------
| Tool Version : Vivado v.2017.2 (lin64) Build 1909853 Thu Jun 15 18:39:10 MDT 2017
| Date         : Wed Sep  6 18:18:03 2017
| Host         : rumney-LMC-062144 running 64-bit Ubuntu 16.04.3 LTS
| Command      : upgrade_ip
| Device       : xc7k325tffg900-2
------------------------------------------------------------------------------------

Upgrade Log for IP 'block_design_pfs_daughtercard_0_0'

1. Summary
----------

SUCCESS in the conversion of block_design_pfs_daughtercard_0_0 (user.org:user:pfs_daughtercard:1.0 (Rev. 2)) to Vivado generation flows.






Copyright 1986-2017 Xilinx, Inc. All Rights Reserved.
------------------------------------------------------------------------------------
| Tool Version : Vivado v.2017.2 (lin64) Build 1909853 Thu Jun 15 18:39:10 MDT 2017
| Date         : Tue Sep  5 12:28:27 2017
| Host         : rumney-LMC-062144 running 64-bit Ubuntu 16.04.3 LTS
| Command      : upgrade_ip
| Device       : xc7k325tffg900-2
------------------------------------------------------------------------------------

Upgrade Log for IP 'block_design_pfs_daughtercard_0_0'

1. Summary
----------

SUCCESS in the conversion of block_design_pfs_daughtercard_0_0 (user.org:user:pfs_daughtercard:1.0 (Rev. 2)) to Vivado generation flows.






Copyright 1986-2017 Xilinx, Inc. All Rights Reserved.
------------------------------------------------------------------------------------
| Tool Version : Vivado v.2017.2 (lin64) Build 1909853 Thu Jun 15 18:39:10 MDT 2017
| Date         : Thu Aug 31 17:58:12 2017
| Host         : rumney-LMC-062144 running 64-bit Ubuntu 16.04.3 LTS
| Command      : upgrade_ip
| Device       : xc7k325tffg900-2
------------------------------------------------------------------------------------

Upgrade Log for IP 'block_design_pfs_daughtercard_0_0'

1. Summary
----------

SUCCESS in the conversion of block_design_pfs_daughtercard_0_0 (user.org:user:pfs_daughtercard:1.0 (Rev. 2)) to Vivado generation flows.






Copyright 1986-2017 Xilinx, Inc. All Rights Reserved.
------------------------------------------------------------------------------------
| Tool Version : Vivado v.2017.2 (lin64) Build 1909853 Thu Jun 15 18:39:10 MDT 2017
| Date         : Thu Aug 31 15:17:39 2017
| Host         : rumney-LMC-062144 running 64-bit Ubuntu 16.04.3 LTS
| Command      : upgrade_ip
| Device       : xc7k325tffg900-2
------------------------------------------------------------------------------------

Upgrade Log for IP 'block_design_simple_ip_0_0'

1. Summary
----------

SUCCESS in the conversion of block_design_simple_ip_0_0 (user.org:user:simple_ip:1.0 (Rev. 2)) to Vivado generation flows.






Copyright 1986-2017 Xilinx, Inc. All Rights Reserved.
------------------------------------------------------------------------------------
| Tool Version : Vivado v.2017.2 (lin64) Build 1909853 Thu Jun 15 18:39:10 MDT 2017
| Date         : Thu Aug 31 15:17:39 2017
| Host         : rumney-LMC-062144 running 64-bit Ubuntu 16.04.3 LTS
| Command      : upgrade_ip
| Device       : xc7k325tffg900-2
------------------------------------------------------------------------------------

Upgrade Log for IP 'block_design_pfs_daughtercard_0_0'

1. Summary
----------

SUCCESS in the conversion of block_design_pfs_daughtercard_0_0 (user.org:user:pfs_daughtercard:1.0 (Rev. 2)) to Vivado generation flows.






Copyright 1986-2017 Xilinx, Inc. All Rights Reserved.
------------------------------------------------------------------------------------
| Tool Version : Vivado v.2017.2 (lin64) Build 1909853 Thu Jun 15 18:39:10 MDT 2017
| Date         : Thu Aug 31 14:56:05 2017
| Host         : rumney-LMC-062144 running 64-bit Ubuntu 16.04.3 LTS
| Command      : upgrade_ip
| Device       : xc7k325tffg900-2
------------------------------------------------------------------------------------

Upgrade Log for IP 'block_design_simple_ip_0_0'

1. Summary
----------

SUCCESS in the conversion of block_design_simple_ip_0_0 (user.org:user:simple_ip:1.0 (Rev. 2)) to Vivado generation flows.






Copyright 1986-2017 Xilinx, Inc. All Rights Reserved.
------------------------------------------------------------------------------------
| Tool Version : Vivado v.2017.2 (lin64) Build 1909853 Thu Jun 15 18:39:10 MDT 2017
| Date         : Thu Aug 31 14:56:05 2017
| Host         : rumney-LMC-062144 running 64-bit Ubuntu 16.04.3 LTS
| Command      : upgrade_ip
| Device       : xc7k325tffg900-2
------------------------------------------------------------------------------------

Upgrade Log for IP 'block_design_pfs_daughtercard_0_0'

1. Summary
----------

SUCCESS in the conversion of block_design_pfs_daughtercard_0_0 (user.org:user:pfs_daughtercard:1.0 (Rev. 2)) to Vivado generation flows.






Copyright 1986-2017 Xilinx, Inc. All Rights Reserved.
------------------------------------------------------------------------------------
| Tool Version : Vivado v.2017.2 (lin64) Build 1909853 Thu Jun 15 18:39:10 MDT 2017
| Date         : Thu Aug 31 14:11:14 2017
| Host         : rumney-LMC-062144 running 64-bit Ubuntu 16.04.3 LTS
| Command      : upgrade_ip
| Device       : xc7k325tffg900-2
------------------------------------------------------------------------------------

Upgrade Log for IP 'block_design_simple_ip_0_0'

1. Summary
----------

SUCCESS in the conversion of block_design_simple_ip_0_0 (user.org:user:simple_ip:1.0 (Rev. 2)) to Vivado generation flows.






Copyright 1986-2017 Xilinx, Inc. All Rights Reserved.
------------------------------------------------------------------------------------
| Tool Version : Vivado v.2017.2 (lin64) Build 1909853 Thu Jun 15 18:39:10 MDT 2017
| Date         : Thu Aug 31 14:11:14 2017
| Host         : rumney-LMC-062144 running 64-bit Ubuntu 16.04.3 LTS
| Command      : upgrade_ip
| Device       : xc7k325tffg900-2
------------------------------------------------------------------------------------

Upgrade Log for IP 'block_design_pfs_daughtercard_0_0'

1. Summary
----------

SUCCESS in the conversion of block_design_pfs_daughtercard_0_0 (user.org:user:pfs_daughtercard:1.0 (Rev. 2)) to Vivado generation flows.






Copyright 1986-2017 Xilinx, Inc. All Rights Reserved.
------------------------------------------------------------------------------------
| Tool Version : Vivado v.2017.2 (lin64) Build 1909853 Thu Jun 15 18:39:10 MDT 2017
| Date         : Thu Aug 31 13:06:45 2017
| Host         : rumney-LMC-062144 running 64-bit Ubuntu 16.04.3 LTS
| Command      : upgrade_ip
| Device       : xc7k325tffg900-2
------------------------------------------------------------------------------------

Upgrade Log for IP 'block_design_pfs_daughtercard_0_0'

1. Summary
----------

SUCCESS in the conversion of block_design_pfs_daughtercard_0_0 (user.org:user:pfs_daughtercard:1.0 (Rev. 2)) to Vivado generation flows.






Copyright 1986-2017 Xilinx, Inc. All Rights Reserved.
------------------------------------------------------------------------------------
| Tool Version : Vivado v.2017.2 (lin64) Build 1909853 Thu Jun 15 18:39:10 MDT 2017
| Date         : Thu Aug 31 11:33:53 2017
| Host         : rumney-LMC-062144 running 64-bit Ubuntu 16.04.3 LTS
| Command      : upgrade_ip
| Device       : xc7k325tffg900-2
------------------------------------------------------------------------------------

Upgrade Log for IP 'block_design_pfs_daughtercard_0_0'

1. Summary
----------

SUCCESS in the conversion of block_design_pfs_daughtercard_0_0 (user.org:user:pfs_daughtercard:1.0 (Rev. 2)) to Vivado generation flows.






Copyright 1986-2017 Xilinx, Inc. All Rights Reserved.
------------------------------------------------------------------------------------
| Tool Version : Vivado v.2017.2 (lin64) Build 1909853 Thu Jun 15 18:39:10 MDT 2017
| Date         : Thu Aug 31 10:58:59 2017
| Host         : rumney-LMC-062144 running 64-bit Ubuntu 16.04.3 LTS
| Command      : upgrade_ip
| Device       : xc7k325tffg900-2
------------------------------------------------------------------------------------

Upgrade Log for IP 'block_design_pfs_daughtercard_0_0'

1. Summary
----------

SUCCESS in the conversion of block_design_pfs_daughtercard_0_0 (user.org:user:pfs_daughtercard:1.0 (Rev. 2)) to Vivado generation flows.






Copyright 1986-2017 Xilinx, Inc. All Rights Reserved.
------------------------------------------------------------------------------------
| Tool Version : Vivado v.2017.2 (lin64) Build 1909853 Thu Jun 15 18:39:10 MDT 2017
| Date         : Thu Aug 31 10:56:37 2017
| Host         : rumney-LMC-062144 running 64-bit Ubuntu 16.04.3 LTS
| Command      : upgrade_ip
| Device       : xc7k325tffg900-2
------------------------------------------------------------------------------------

Upgrade Log for IP 'block_design_pfs_daughtercard_0_0'

1. Summary
----------

SUCCESS in the conversion of block_design_pfs_daughtercard_0_0 (user.org:user:pfs_daughtercard:1.0 (Rev. 2)) to Vivado generation flows.

