
Copyright (C) 1994-2017 Synopsys, Inc.
This Synopsys software and all associated documentation are proprietary to Synopsys, Inc.
and may only be used pursuant to the terms and conditions of a written license agreement
with Synopsys, Inc. All other use, reproduction, modification, or distribution of the
Synopsys software or the associated documentation is strictly prohibited.
Tool: Synplify Pro (R)
Build: N-2017.09
Install: C:\Synopsys\fpga_N-2017.09
OS: Windows 6.2

Hostname: DESKTOP-NLTECCO

Implementation : synthesis
Synopsys HDL compiler and linker, Version compdevb, Build 6367R, Built Aug 29 2017 23:42:56

Modified Files: 2
FID:  path (prevtimestamp, timestamp)
8        .\add__const_cin_w16_4.v (2017-09-26 21:25:37, N/A)
9        .\add__const_cin_w16_5.v (N/A, 2017-09-26 21:25:38)

*******************************************************************
Modules that may have changed as a result of file changes: 6
MID:  lib.cell.view
0        work.add_16.verilog may have changed because the following files changed:
                        .\add__const_cin_w16_5.v (N/A, 2017-09-26 21:25:38) <-- (module definition)
1        work.faii.verilog may have changed because the following files changed:
                        .\add__const_cin_w16_5.v (N/A, 2017-09-26 21:25:38) <-- (module definition)
2        work.faoi.verilog may have changed because the following files changed:
                        .\add__const_cin_w16_5.v (N/A, 2017-09-26 21:25:38) <-- (module definition)
3        work.haii.verilog may have changed because the following files changed:
                        .\add__const_cin_w16_5.v (N/A, 2017-09-26 21:25:38) <-- (module definition)
4        work.haoi.verilog may have changed because the following files changed:
                        .\add__const_cin_w16_5.v (N/A, 2017-09-26 21:25:38) <-- (module definition)
11       work.xnor2.verilog may have changed because the following files changed:
                        .\add__const_cin_w16_5.v (N/A, 2017-09-26 21:25:38) <-- (module definition)

*******************************************************************
Unmodified files: 9
FID:  path (timestamp)
0        .\add__const_cin_cout_w16.v (N/A) <-- No longer exists
10       .\add__const_cin_w16_2.v (N/A) <-- No longer exists
5        .\add__const_cin_w16_3.v (N/A) <-- No longer exists
6        .\sub___cin_w16.v (N/A) <-- No longer exists
7        .\sub___cin_w17.v (N/A) <-- No longer exists
1        C:\Synopsys\fpga_N-2017.09\lib\vlog\hypermods.v (2017-08-24 12:01:16)
2        C:\Synopsys\fpga_N-2017.09\lib\vlog\scemi_objects.v (2017-08-24 12:01:16)
3        C:\Synopsys\fpga_N-2017.09\lib\vlog\scemi_pipes.svh (2017-08-24 12:01:16)
4        C:\Synopsys\fpga_N-2017.09\lib\vlog\umr_capim.v (2017-08-24 12:01:16)

*******************************************************************
Unchanged modules: 0
MID:  lib.cell.view
