(ETH)Connecting...
(ETH)Connection Made. 128.149.77.24:4001 

--- ISSUE HK & VERIFY (brd:1) ---
HouseKeeping tlm rx'd. (Code:0) (Message:0)
HouseKeeping data tlm rx'd. (Brd:1) (Temps:27.2C,28.5C) (Voltage:9.955V)
1 3.4mm(64.3Khz,0.670Amps) 2.4mm(106.7Khz,0.667Amps)
2 3.4mm(63.0Khz,0.777Amps) 2.4mm(106.7Khz,0.665Amps)
3 3.4mm(64.0Khz,0.697Amps) 2.4mm(106.0Khz,0.702Amps)
4 3.4mm(64.0Khz,0.720Amps) 2.4mm(106.7Khz,0.653Amps)
5 3.4mm(63.7Khz,0.702Amps) 2.4mm(106.0Khz,0.603Amps)
6 3.4mm(64.3Khz,0.715Amps) 2.4mm(106.7Khz,0.577Amps)
7 3.4mm(64.3Khz,0.661Amps) 2.4mm(106.7Khz,0.566Amps)
8 3.4mm(63.7Khz,0.750Amps) 2.4mm(106.0Khz,0.582Amps)
9 3.4mm(63.2Khz,0.766Amps) 2.4mm(106.7Khz,0.657Amps)
10 3.4mm(64.0Khz,0.785Amps) 2.4mm(105.3Khz,0.583Amps)
11 3.4mm(64.3Khz,0.698Amps) 2.4mm(105.3Khz,0.603Amps)
12 3.4mm(64.3Khz,0.735Amps) 2.4mm(107.4Khz,0.615Amps)
13 3.4mm(64.3Khz,0.731Amps) 2.4mm(106.7Khz,0.639Amps)
14 3.4mm(64.8Khz,0.718Amps) 2.4mm(106.7Khz,0.642Amps)
15 3.4mm(64.5Khz,0.720Amps) 2.4mm(108.1Khz,0.602Amps)
16 3.4mm(64.3Khz,0.765Amps) 2.4mm(106.7Khz,0.636Amps)
17 3.4mm(64.8Khz,0.666Amps) 2.4mm(107.4Khz,0.572Amps)
18 3.4mm(63.5Khz,0.709Amps) 2.4mm(106.7Khz,0.655Amps)
19 3.4mm(63.5Khz,0.664Amps) 2.4mm(110.3Khz,0.433Amps)
20 3.4mm(63.2Khz,0.669Amps) 2.4mm(110.3Khz,0.458Amps)
21 3.4mm(63.5Khz,0.747Amps) 2.4mm(110.3Khz,0.520Amps)
22 3.4mm(64.3Khz,0.730Amps) 2.4mm(109.6Khz,0.489Amps)
23 3.4mm(63.7Khz,0.707Amps) 2.4mm(107.4Khz,0.501Amps)
24 3.4mm(63.7Khz,0.731Amps) 2.4mm(108.1Khz,0.553Amps)
25 3.4mm(64.3Khz,0.700Amps) 2.4mm(106.7Khz,0.596Amps)
26 3.4mm(64.0Khz,0.697Amps) 2.4mm(108.1Khz,0.561Amps)
27 3.4mm(63.7Khz,0.719Amps) 2.4mm(106.0Khz,0.658Amps)
28 3.4mm(64.8Khz,0.684Amps) 2.4mm(108.1Khz,0.519Amps)
29 3.4mm(62.7Khz,0.800Amps) 2.4mm(108.8Khz,0.495Amps)
--- ISSUE RUN & VERIFY (1) ---
(C1 (100, 100)uS x(500, 500) d(0, 0) ('cw', 'cw')) (C2 (100, 100)uS x(500, 500) d(0, 0) ('cw', 'cw')) (C3 (100, 100)uS x(500, 500) d(0, 0) ('cw', 'cw')) 
(C4 (100, 100)uS x(500, 500) d(0, 0) ('cw', 'cw')) (C5 (100, 100)uS x(500, 500) d(0, 0) ('cw', 'cw')) (C6 (100, 100)uS x(500, 500) d(0, 0) ('cw', 'cw')) 
(C7 (100, 100)uS x(500, 500) d(0, 0) ('cw', 'cw')) (C8 (100, 100)uS x(500, 500) d(0, 0) ('cw', 'cw')) (C9 (100, 100)uS x(500, 500) d(0, 0) ('cw', 'cw')) 
(C10 (100, 100)uS x(500, 500) d(0, 0) ('cw', 'cw')) (C11 (100, 100)uS x(500, 500) d(0, 0) ('cw', 'cw')) (C12 (100, 100)uS x(500, 500) d(0, 0) ('cw', 'cw')) 
(C13 (100, 100)uS x(500, 500) d(0, 0) ('cw', 'cw')) (C14 (100, 100)uS x(500, 500) d(0, 0) ('cw', 'cw')) (C15 (100, 100)uS x(500, 500) d(0, 0) ('cw', 'cw')) 
(C16 (100, 100)uS x(500, 500) d(0, 0) ('cw', 'cw')) (C17 (100, 100)uS x(500, 500) d(0, 0) ('cw', 'cw')) (C18 (100, 100)uS x(500, 500) d(0, 0) ('cw', 'cw')) 
(C19 (100, 100)uS x(500, 500) d(0, 0) ('cw', 'cw')) (C20 (100, 100)uS x(500, 500) d(0, 0) ('cw', 'cw')) (C21 (100, 100)uS x(500, 500) d(0, 0) ('cw', 'cw')) 
(C22 (100, 100)uS x(500, 500) d(0, 0) ('cw', 'cw')) (C23 (100, 100)uS x(500, 500) d(0, 0) ('cw', 'cw')) (C24 (100, 100)uS x(500, 500) d(0, 0) ('cw', 'cw')) 
(C25 (100, 100)uS x(500, 500) d(0, 0) ('cw', 'cw')) (C26 (100, 100)uS x(500, 500) d(0, 0) ('cw', 'cw')) (C27 (100, 100)uS x(500, 500) d(0, 0) ('cw', 'cw')) 
(C28 (100, 100)uS x(500, 500) d(0, 0) ('cw', 'cw')) (C29 (100, 100)uS x(500, 500) d(0, 0) ('cw', 'cw')) 
Timeout:30000, inter:60
Run tlm rx'd. (Code:0) (Message:0)
Run tlm rx'd. (Code:0) (Message:0)
--- ISSUE RUN & VERIFY (1) ---
(C1 (100, 100)uS x(500, 500) d(0, 0) ('cw', 'cw')) (C2 (100, 100)uS x(500, 500) d(0, 0) ('cw', 'cw')) (C3 (100, 100)uS x(500, 500) d(0, 0) ('cw', 'cw')) 
(C4 (100, 100)uS x(500, 500) d(0, 0) ('cw', 'cw')) (C5 (100, 100)uS x(500, 500) d(0, 0) ('cw', 'cw')) (C6 (100, 100)uS x(500, 500) d(0, 0) ('cw', 'cw')) 
(C7 (100, 100)uS x(500, 500) d(0, 0) ('cw', 'cw')) (C8 (100, 100)uS x(500, 500) d(0, 0) ('cw', 'cw')) (C9 (100, 100)uS x(500, 500) d(0, 0) ('cw', 'cw')) 
(C10 (100, 100)uS x(500, 500) d(0, 0) ('cw', 'cw')) (C11 (100, 100)uS x(500, 500) d(0, 0) ('cw', 'cw')) (C12 (100, 100)uS x(500, 500) d(0, 0) ('cw', 'cw')) 
(C13 (100, 100)uS x(500, 500) d(0, 0) ('cw', 'cw')) (C14 (100, 100)uS x(500, 500) d(0, 0) ('cw', 'cw')) (C15 (100, 100)uS x(500, 500) d(0, 0) ('cw', 'cw')) 
(C16 (100, 100)uS x(500, 500) d(0, 0) ('cw', 'cw')) (C17 (100, 100)uS x(500, 500) d(0, 0) ('cw', 'cw')) (C18 (100, 100)uS x(500, 500) d(0, 0) ('cw', 'cw')) 
(C19 (100, 100)uS x(500, 500) d(0, 0) ('cw', 'cw')) (C20 (100, 100)uS x(500, 500) d(0, 0) ('cw', 'cw')) (C21 (100, 100)uS x(500, 500) d(0, 0) ('cw', 'cw')) 
(C22 (100, 100)uS x(500, 500) d(0, 0) ('cw', 'cw')) (C23 (100, 100)uS x(500, 500) d(0, 0) ('cw', 'cw')) (C24 (100, 100)uS x(500, 500) d(0, 0) ('cw', 'cw')) 
(C25 (100, 100)uS x(500, 500) d(0, 0) ('cw', 'cw')) (C26 (100, 100)uS x(500, 500) d(0, 0) ('cw', 'cw')) (C27 (100, 100)uS x(500, 500) d(0, 0) ('cw', 'cw')) 
(C28 (100, 100)uS x(500, 500) d(0, 0) ('cw', 'cw')) (C29 (100, 100)uS x(500, 500) d(0, 0) ('cw', 'cw')) 
Timeout:30000, inter:60
Run tlm rx'd. (Code:0) (Message:0)
Run tlm rx'd. (Code:0) (Message:0)
--- ISSUE RUN & VERIFY (1) ---
(C1 (100, 100)uS x(500, 500) d(0, 0) ('ccw', 'ccw')) (C2 (100, 100)uS x(500, 500) d(0, 0) ('ccw', 'ccw')) (C3 (100, 100)uS x(500, 500) d(0, 0) ('ccw', 'ccw')) 
(C4 (100, 100)uS x(500, 500) d(0, 0) ('ccw', 'ccw')) (C5 (100, 100)uS x(500, 500) d(0, 0) ('ccw', 'ccw')) (C6 (100, 100)uS x(500, 500) d(0, 0) ('ccw', 'ccw')) 
(C7 (100, 100)uS x(500, 500) d(0, 0) ('ccw', 'ccw')) (C8 (100, 100)uS x(500, 500) d(0, 0) ('ccw', 'ccw')) (C9 (100, 100)uS x(500, 500) d(0, 0) ('ccw', 'ccw')) 
(C10 (100, 100)uS x(500, 500) d(0, 0) ('ccw', 'ccw')) (C11 (100, 100)uS x(500, 500) d(0, 0) ('ccw', 'ccw')) (C12 (100, 100)uS x(500, 500) d(0, 0) ('ccw', 'ccw')) 
(C13 (100, 100)uS x(500, 500) d(0, 0) ('ccw', 'ccw')) (C14 (100, 100)uS x(500, 500) d(0, 0) ('ccw', 'ccw')) (C15 (100, 100)uS x(500, 500) d(0, 0) ('ccw', 'ccw')) 
(C16 (100, 100)uS x(500, 500) d(0, 0) ('ccw', 'ccw')) (C17 (100, 100)uS x(500, 500) d(0, 0) ('ccw', 'ccw')) (C18 (100, 100)uS x(500, 500) d(0, 0) ('ccw', 'ccw')) 
(C19 (100, 100)uS x(500, 500) d(0, 0) ('ccw', 'ccw')) (C20 (100, 100)uS x(500, 500) d(0, 0) ('ccw', 'ccw')) (C21 (100, 100)uS x(500, 500) d(0, 0) ('ccw', 'ccw')) 
(C22 (100, 100)uS x(500, 500) d(0, 0) ('ccw', 'ccw')) (C23 (100, 100)uS x(500, 500) d(0, 0) ('ccw', 'ccw')) (C24 (100, 100)uS x(500, 500) d(0, 0) ('ccw', 'ccw')) 
(C25 (100, 100)uS x(500, 500) d(0, 0) ('ccw', 'ccw')) (C26 (100, 100)uS x(500, 500) d(0, 0) ('ccw', 'ccw')) (C27 (100, 100)uS x(500, 500) d(0, 0) ('ccw', 'ccw')) 
(C28 (100, 100)uS x(500, 500) d(0, 0) ('ccw', 'ccw')) (C29 (100, 100)uS x(500, 500) d(0, 0) ('ccw', 'ccw')) 
Timeout:30000, inter:60
Run tlm rx'd. (Code:0) (Message:0)
Run tlm rx'd. (Code:0) (Message:0)
--- ISSUE RUN & VERIFY (1) ---
(C1 (100, 100)uS x(500, 500) d(0, 0) ('ccw', 'ccw')) (C2 (100, 100)uS x(500, 500) d(0, 0) ('ccw', 'ccw')) (C3 (100, 100)uS x(500, 500) d(0, 0) ('ccw', 'ccw')) 
(C4 (100, 100)uS x(500, 500) d(0, 0) ('ccw', 'ccw')) (C5 (100, 100)uS x(500, 500) d(0, 0) ('ccw', 'ccw')) (C6 (100, 100)uS x(500, 500) d(0, 0) ('ccw', 'ccw')) 
(C7 (100, 100)uS x(500, 500) d(0, 0) ('ccw', 'ccw')) (C8 (100, 100)uS x(500, 500) d(0, 0) ('ccw', 'ccw')) (C9 (100, 100)uS x(500, 500) d(0, 0) ('ccw', 'ccw')) 
(C10 (100, 100)uS x(500, 500) d(0, 0) ('ccw', 'ccw')) (C11 (100, 100)uS x(500, 500) d(0, 0) ('ccw', 'ccw')) (C12 (100, 100)uS x(500, 500) d(0, 0) ('ccw', 'ccw')) 
(C13 (100, 100)uS x(500, 500) d(0, 0) ('ccw', 'ccw')) (C14 (100, 100)uS x(500, 500) d(0, 0) ('ccw', 'ccw')) (C15 (100, 100)uS x(500, 500) d(0, 0) ('ccw', 'ccw')) 
(C16 (100, 100)uS x(500, 500) d(0, 0) ('ccw', 'ccw')) (C17 (100, 100)uS x(500, 500) d(0, 0) ('ccw', 'ccw')) (C18 (100, 100)uS x(500, 500) d(0, 0) ('ccw', 'ccw')) 
(C19 (100, 100)uS x(500, 500) d(0, 0) ('ccw', 'ccw')) (C20 (100, 100)uS x(500, 500) d(0, 0) ('ccw', 'ccw')) (C21 (100, 100)uS x(500, 500) d(0, 0) ('ccw', 'ccw')) 
(C22 (100, 100)uS x(500, 500) d(0, 0) ('ccw', 'ccw')) (C23 (100, 100)uS x(500, 500) d(0, 0) ('ccw', 'ccw')) (C24 (100, 100)uS x(500, 500) d(0, 0) ('ccw', 'ccw')) 
(C25 (100, 100)uS x(500, 500) d(0, 0) ('ccw', 'ccw')) (C26 (100, 100)uS x(500, 500) d(0, 0) ('ccw', 'ccw')) (C27 (100, 100)uS x(500, 500) d(0, 0) ('ccw', 'ccw')) 
(C28 (100, 100)uS x(500, 500) d(0, 0) ('ccw', 'ccw')) (C29 (100, 100)uS x(500, 500) d(0, 0) ('ccw', 'ccw')) 
Timeout:30000, inter:60
Run tlm rx'd. (Code:0) (Message:0)
Run tlm rx'd. (Code:0) (Message:0)
--- ISSUE RUN & VERIFY (1) ---
(C1 (100, 100)uS x(500, 500) d(0, 0) ('ccw', 'ccw')) (C2 (100, 100)uS x(500, 500) d(0, 0) ('ccw', 'ccw')) (C3 (100, 100)uS x(500, 500) d(0, 0) ('ccw', 'ccw')) 
(C4 (100, 100)uS x(500, 500) d(0, 0) ('ccw', 'ccw')) (C5 (100, 100)uS x(500, 500) d(0, 0) ('ccw', 'ccw')) (C6 (100, 100)uS x(500, 500) d(0, 0) ('ccw', 'ccw')) 
(C7 (100, 100)uS x(500, 500) d(0, 0) ('ccw', 'ccw')) (C8 (100, 100)uS x(500, 500) d(0, 0) ('ccw', 'ccw')) (C9 (100, 100)uS x(500, 500) d(0, 0) ('ccw', 'ccw')) 
(C10 (100, 100)uS x(500, 500) d(0, 0) ('ccw', 'ccw')) (C11 (100, 100)uS x(500, 500) d(0, 0) ('ccw', 'ccw')) (C12 (100, 100)uS x(500, 500) d(0, 0) ('ccw', 'ccw')) 
(C13 (100, 100)uS x(500, 500) d(0, 0) ('ccw', 'ccw')) (C14 (100, 100)uS x(500, 500) d(0, 0) ('ccw', 'ccw')) (C15 (100, 100)uS x(500, 500) d(0, 0) ('ccw', 'ccw')) 
(C16 (100, 100)uS x(500, 500) d(0, 0) ('ccw', 'ccw')) (C17 (100, 100)uS x(500, 500) d(0, 0) ('ccw', 'ccw')) (C18 (100, 100)uS x(500, 500) d(0, 0) ('ccw', 'ccw')) 
(C19 (100, 100)uS x(500, 500) d(0, 0) ('ccw', 'ccw')) (C20 (100, 100)uS x(500, 500) d(0, 0) ('ccw', 'ccw')) (C21 (100, 100)uS x(500, 500) d(0, 0) ('ccw', 'ccw')) 
(C22 (100, 100)uS x(500, 500) d(0, 0) ('ccw', 'ccw')) (C23 (100, 100)uS x(500, 500) d(0, 0) ('ccw', 'ccw')) (C24 (100, 100)uS x(500, 500) d(0, 0) ('ccw', 'ccw')) 
(C25 (100, 100)uS x(500, 500) d(0, 0) ('ccw', 'ccw')) (C26 (100, 100)uS x(500, 500) d(0, 0) ('ccw', 'ccw')) (C27 (100, 100)uS x(500, 500) d(0, 0) ('ccw', 'ccw')) 
(C28 (100, 100)uS x(500, 500) d(0, 0) ('ccw', 'ccw')) (C29 (100, 100)uS x(500, 500) d(0, 0) ('ccw', 'ccw')) 
Timeout:30000, inter:60
Run tlm rx'd. (Code:0) (Message:0)
Run tlm rx'd. (Code:0) (Message:0)
--- ISSUE RUN & VERIFY (2) ---
(C1 (100, 100)uS x(500, 500) d(0, 0) ('ccw', 'ccw')) (C2 (100, 100)uS x(500, 500) d(0, 0) ('ccw', 'ccw')) (C3 (100, 100)uS x(500, 500) d(0, 0) ('ccw', 'ccw')) 
(C4 (100, 100)uS x(500, 500) d(0, 0) ('ccw', 'ccw')) (C5 (100, 100)uS x(500, 500) d(0, 0) ('ccw', 'ccw')) (C6 (100, 100)uS x(500, 500) d(0, 0) ('ccw', 'ccw')) 
(C7 (100, 100)uS x(500, 500) d(0, 0) ('ccw', 'ccw')) (C8 (100, 100)uS x(500, 500) d(0, 0) ('ccw', 'ccw')) (C9 (100, 100)uS x(500, 500) d(0, 0) ('ccw', 'ccw')) 
(C10 (100, 100)uS x(500, 500) d(0, 0) ('ccw', 'ccw')) (C11 (100, 100)uS x(500, 500) d(0, 0) ('ccw', 'ccw')) (C12 (100, 100)uS x(500, 500) d(0, 0) ('ccw', 'ccw')) 
(C13 (100, 100)uS x(500, 500) d(0, 0) ('ccw', 'ccw')) (C14 (100, 100)uS x(500, 500) d(0, 0) ('ccw', 'ccw')) (C15 (100, 100)uS x(500, 500) d(0, 0) ('ccw', 'ccw')) 
(C16 (100, 100)uS x(500, 500) d(0, 0) ('ccw', 'ccw')) (C17 (100, 100)uS x(500, 500) d(0, 0) ('ccw', 'ccw')) (C18 (100, 100)uS x(500, 500) d(0, 0) ('ccw', 'ccw')) 
(C19 (100, 100)uS x(500, 500) d(0, 0) ('ccw', 'ccw')) (C20 (100, 100)uS x(500, 500) d(0, 0) ('ccw', 'ccw')) (C21 (100, 100)uS x(500, 500) d(0, 0) ('ccw', 'ccw')) 
(C22 (100, 100)uS x(500, 500) d(0, 0) ('ccw', 'ccw')) (C23 (100, 100)uS x(500, 500) d(0, 0) ('ccw', 'ccw')) (C24 (100, 100)uS x(500, 500) d(0, 0) ('ccw', 'ccw')) 
(C25 (100, 100)uS x(500, 500) d(0, 0) ('ccw', 'ccw')) (C26 (100, 100)uS x(500, 500) d(0, 0) ('ccw', 'ccw')) (C27 (100, 100)uS x(500, 500) d(0, 0) ('ccw', 'ccw')) 
(C28 (100, 100)uS x(500, 500) d(0, 0) ('ccw', 'ccw')) (C29 (100, 100)uS x(500, 500) d(0, 0) ('ccw', 'ccw')) 
Timeout:30000, inter:60
Run tlm rx'd. (Code:0) (Message:0)
Run tlm rx'd. (Code:0) (Message:0)
--- ISSUE RUN & VERIFY (2) ---
(C1 (100, 100)uS x(500, 500) d(0, 0) ('ccw', 'ccw')) (C2 (100, 100)uS x(500, 500) d(0, 0) ('ccw', 'ccw')) (C3 (100, 100)uS x(500, 500) d(0, 0) ('ccw', 'ccw')) 
(C4 (100, 100)uS x(500, 500) d(0, 0) ('ccw', 'ccw')) (C5 (100, 100)uS x(500, 500) d(0, 0) ('ccw', 'ccw')) (C6 (100, 100)uS x(500, 500) d(0, 0) ('ccw', 'ccw')) 
(C7 (100, 100)uS x(500, 500) d(0, 0) ('ccw', 'ccw')) (C8 (100, 100)uS x(500, 500) d(0, 0) ('ccw', 'ccw')) (C9 (100, 100)uS x(500, 500) d(0, 0) ('ccw', 'ccw')) 
(C10 (100, 100)uS x(500, 500) d(0, 0) ('ccw', 'ccw')) (C11 (100, 100)uS x(500, 500) d(0, 0) ('ccw', 'ccw')) (C12 (100, 100)uS x(500, 500) d(0, 0) ('ccw', 'ccw')) 
(C13 (100, 100)uS x(500, 500) d(0, 0) ('ccw', 'ccw')) (C14 (100, 100)uS x(500, 500) d(0, 0) ('ccw', 'ccw')) (C15 (100, 100)uS x(500, 500) d(0, 0) ('ccw', 'ccw')) 
(C16 (100, 100)uS x(500, 500) d(0, 0) ('ccw', 'ccw')) (C17 (100, 100)uS x(500, 500) d(0, 0) ('ccw', 'ccw')) (C18 (100, 100)uS x(500, 500) d(0, 0) ('ccw', 'ccw')) 
(C19 (100, 100)uS x(500, 500) d(0, 0) ('ccw', 'ccw')) (C20 (100, 100)uS x(500, 500) d(0, 0) ('ccw', 'ccw')) (C21 (100, 100)uS x(500, 500) d(0, 0) ('ccw', 'ccw')) 
(C22 (100, 100)uS x(500, 500) d(0, 0) ('ccw', 'ccw')) (C23 (100, 100)uS x(500, 500) d(0, 0) ('ccw', 'ccw')) (C24 (100, 100)uS x(500, 500) d(0, 0) ('ccw', 'ccw')) 
(C25 (100, 100)uS x(500, 500) d(0, 0) ('ccw', 'ccw')) (C26 (100, 100)uS x(500, 500) d(0, 0) ('ccw', 'ccw')) (C27 (100, 100)uS x(500, 500) d(0, 0) ('ccw', 'ccw')) 
(C28 (100, 100)uS x(500, 500) d(0, 0) ('ccw', 'ccw')) (C29 (100, 100)uS x(500, 500) d(0, 0) ('ccw', 'ccw')) 
Timeout:30000, inter:60
Run tlm rx'd. (Code:0) (Message:0)
Run tlm rx'd. (Code:0) (Message:0)
--- ISSUE RUN & VERIFY (2) ---
(C1 (100, 100)uS x(500, 500) d(0, 0) ('ccw', 'ccw')) (C2 (100, 100)uS x(500, 500) d(0, 0) ('ccw', 'ccw')) (C3 (100, 100)uS x(500, 500) d(0, 0) ('ccw', 'ccw')) 
(C4 (100, 100)uS x(500, 500) d(0, 0) ('ccw', 'ccw')) (C5 (100, 100)uS x(500, 500) d(0, 0) ('ccw', 'ccw')) (C6 (100, 100)uS x(500, 500) d(0, 0) ('ccw', 'ccw')) 
(C7 (100, 100)uS x(500, 500) d(0, 0) ('ccw', 'ccw')) (C8 (100, 100)uS x(500, 500) d(0, 0) ('ccw', 'ccw')) (C9 (100, 100)uS x(500, 500) d(0, 0) ('ccw', 'ccw')) 
(C10 (100, 100)uS x(500, 500) d(0, 0) ('ccw', 'ccw')) (C11 (100, 100)uS x(500, 500) d(0, 0) ('ccw', 'ccw')) (C12 (100, 100)uS x(500, 500) d(0, 0) ('ccw', 'ccw')) 
(C13 (100, 100)uS x(500, 500) d(0, 0) ('ccw', 'ccw')) (C14 (100, 100)uS x(500, 500) d(0, 0) ('ccw', 'ccw')) (C15 (100, 100)uS x(500, 500) d(0, 0) ('ccw', 'ccw')) 
(C16 (100, 100)uS x(500, 500) d(0, 0) ('ccw', 'ccw')) (C17 (100, 100)uS x(500, 500) d(0, 0) ('ccw', 'ccw')) (C18 (100, 100)uS x(500, 500) d(0, 0) ('ccw', 'ccw')) 
(C19 (100, 100)uS x(500, 500) d(0, 0) ('ccw', 'ccw')) (C20 (100, 100)uS x(500, 500) d(0, 0) ('ccw', 'ccw')) (C21 (100, 100)uS x(500, 500) d(0, 0) ('ccw', 'ccw')) 
(C22 (100, 100)uS x(500, 500) d(0, 0) ('ccw', 'ccw')) (C23 (100, 100)uS x(500, 500) d(0, 0) ('ccw', 'ccw')) (C24 (100, 100)uS x(500, 500) d(0, 0) ('ccw', 'ccw')) 
(C25 (100, 100)uS x(500, 500) d(0, 0) ('ccw', 'ccw')) (C26 (100, 100)uS x(500, 500) d(0, 0) ('ccw', 'ccw')) (C27 (100, 100)uS x(500, 500) d(0, 0) ('ccw', 'ccw')) 
(C28 (100, 100)uS x(500, 500) d(0, 0) ('ccw', 'ccw')) (C29 (100, 100)uS x(500, 500) d(0, 0) ('ccw', 'ccw')) 
Timeout:30000, inter:60
Run tlm rx'd. (Code:0) (Message:0)
Run tlm rx'd. (Code:0) (Message:0)
