19:50:30 INFO  : Registering command handlers for SDK TCF services
19:50:31 INFO  : Launching XSCT server: xsct -n -interactive /storage/syncthing/work/pfs_ctrlr/pfs_ctrlr.sdk/temp_xsdb_launch_script.tcl
19:50:32 INFO  : XSCT server has started successfully.
19:50:32 INFO  : Successfully done setting XSCT server connection channel  
19:50:32 INFO  : Successfully done setting SDK workspace  
19:50:32 INFO  : Processing command line option -hwspec /storage/syncthing/work/pfs_ctrlr/pfs_ctrlr.sdk/block_design_wrapper.hdf.
19:52:05 INFO  : Connected to target on host '127.0.0.1' and port '3121'.
19:52:05 INFO  : 'targets -set -filter {jtag_cable_name =~ "Digilent JTAG-SMT1 210203A030DEA" && level==0} -index 0' command is executed.
19:52:08 INFO  : FPGA configured successfully with bitstream "/storage/syncthing/work/pfs_ctrlr/pfs_ctrlr.sdk/block_design_wrapper_hw_platform_0/download.bit"
19:53:13 INFO  : Connected to target on host '127.0.0.1' and port '3121'.
19:53:13 INFO  : 'targets -set -filter {jtag_cable_name =~ "Digilent JTAG-SMT1 210203A030DEA" && level==0} -index 0' command is executed.
19:53:16 INFO  : FPGA configured successfully with bitstream "/storage/syncthing/work/pfs_ctrlr/pfs_ctrlr.sdk/block_design_wrapper_hw_platform_0/download.bit"
19:53:29 INFO  : Processor reset is completed for microblaze_0
19:58:54 INFO  : Connected to target on host '127.0.0.1' and port '3121'.
19:58:54 INFO  : 'targets -set -filter {jtag_cable_name =~ "Digilent JTAG-SMT1 210203A030DEA" && level==0} -index 0' command is executed.
19:59:02 INFO  : FPGA configured successfully with bitstream "/storage/syncthing/work/pfs_ctrlr/pfs_ctrlr.sdk/block_design_wrapper_hw_platform_0/download.bit"
19:59:49 INFO  : Processor reset is completed for microblaze_0
20:00:22 INFO  : microblaze_0 Processor is in use. Please stop existing Run or Debug sessions before launching.
20:00:23 INFO  : Processor reset is completed for microblaze_0
20:01:53 ERROR : Unexpected error while parsing XMD response ￿: com.google.gson.JsonSyntaxException: com.google.gson.stream.MalformedJsonException: invalid number or unquoted string near 
08:29:56 INFO  : Registering command handlers for SDK TCF services
08:29:57 INFO  : Launching XSCT server: xsct -n -interactive /storage/syncthing/work/pfs_ctrlr/pfs_ctrlr.sdk/temp_xsdb_launch_script.tcl
08:29:58 INFO  : XSCT server has started successfully.
08:29:58 INFO  : Successfully done setting XSCT server connection channel  
08:29:58 INFO  : Successfully done setting SDK workspace  
08:29:58 INFO  : Processing command line option -hwspec /storage/syncthing/work/pfs_ctrlr/pfs_ctrlr.sdk/block_design_wrapper.hdf.
08:29:58 INFO  : Checking for hwspec changes in the project block_design_wrapper_hw_platform_0.
08:31:46 INFO  : Connected to target on host '127.0.0.1' and port '3121'.
08:31:46 INFO  : 'targets -set -filter {jtag_cable_name =~ "Digilent JTAG-SMT1 210203A030DEA" && level==0} -index 0' command is executed.
08:31:50 INFO  : FPGA configured successfully with bitstream "/storage/syncthing/work/pfs_ctrlr/pfs_ctrlr.sdk/block_design_wrapper_hw_platform_0/download.bit"
08:41:24 INFO  : Connected to target on host '127.0.0.1' and port '3121'.
08:41:42 INFO  : Connected to target on host '127.0.0.1' and port '3121'.
08:42:47 INFO  : Invoking Bootgen: bootgen -arch fpga -image /storage/syncthing/work/pfs_ctrlr/pfs_ctrlr.sdk/block_design_wrapper_hw_platform_0/cache/bootimage.bif -w -o /storage/syncthing/work/pfs_ctrlr/pfs_ctrlr.sdk/block_design_wrapper_hw_platform_0/cache/BOOT.bin  -interface bpix16
08:42:47 INFO  : Bootgen command execution is done.
10:28:51 INFO  : Processor reset is completed for microblaze_0
10:30:25 INFO  : Connected to target on host '127.0.0.1' and port '3121'.
10:30:25 INFO  : 'targets -set -filter {jtag_cable_name =~ "Digilent JTAG-SMT1 210203A030DEA" && level==0} -index 0' command is executed.
10:30:29 INFO  : FPGA configured successfully with bitstream "/storage/syncthing/work/pfs_ctrlr/pfs_ctrlr.sdk/block_design_wrapper_hw_platform_0/download.bit"
10:31:13 INFO  : Connected to target on host '127.0.0.1' and port '3121'.
10:31:53 INFO  : Connected to target on host '127.0.0.1' and port '3121'.
10:31:59 INFO  : Invoking Bootgen: bootgen -arch fpga -image /storage/syncthing/work/pfs_ctrlr/pfs_ctrlr.sdk/block_design_wrapper_hw_platform_0/cache/bootimage.bif -w -o /storage/syncthing/work/pfs_ctrlr/pfs_ctrlr.sdk/block_design_wrapper_hw_platform_0/cache/BOOT.bin  -interface bpix16
10:32:00 INFO  : Bootgen command execution is done.
10:49:19 ERROR : Unexpected error while parsing XMD response ￿: com.google.gson.JsonSyntaxException: com.google.gson.stream.MalformedJsonException: invalid number or unquoted string near 
14:46:06 INFO  : Registering command handlers for SDK TCF services
14:46:06 INFO  : Launching XSCT server: xsct -n -interactive /storage/syncthing/work/pfs_ctrlr/pfs_ctrlr.sdk/temp_xsdb_launch_script.tcl
14:46:07 INFO  : XSCT server has started successfully.
14:46:07 INFO  : Successfully done setting XSCT server connection channel  
14:46:07 INFO  : Successfully done setting SDK workspace  
14:46:07 INFO  : Processing command line option -hwspec /storage/syncthing/work/pfs_ctrlr/pfs_ctrlr.sdk/block_design_wrapper.hdf.
14:46:07 INFO  : Checking for hwspec changes in the project block_design_wrapper_hw_platform_0.
14:50:23 INFO  : Processor reset is completed for microblaze_0
14:54:12 INFO  : microblaze_0 Processor is in use. Please stop existing Run or Debug sessions before launching.
14:54:14 INFO  : Processor reset is completed for microblaze_0
14:55:35 INFO  : microblaze_0 Processor is in use. Please stop existing Run or Debug sessions before launching.
14:55:38 INFO  : Processor reset is completed for microblaze_0
14:57:18 INFO  : microblaze_0 Processor is in use. Please stop existing Run or Debug sessions before launching.
14:57:19 INFO  : Processor reset is completed for microblaze_0
14:58:15 INFO  : microblaze_0 Processor is in use. Please stop existing Run or Debug sessions before launching.
14:58:21 INFO  : Processor reset is completed for microblaze_0
15:00:27 INFO  : Connected to target on host '127.0.0.1' and port '3121'.
15:00:27 INFO  : 'targets -set -filter {jtag_cable_name =~ "Digilent JTAG-SMT1 210203A030DEA" && level==0} -index 0' command is executed.
15:00:31 INFO  : FPGA configured successfully with bitstream "/storage/syncthing/work/pfs_ctrlr/pfs_ctrlr.sdk/block_design_wrapper_hw_platform_0/download.bit"
15:02:34 INFO  : Connected to target on host '127.0.0.1' and port '3121'.
15:02:38 INFO  : Connected to target on host '127.0.0.1' and port '3121'.
15:02:42 INFO  : Invoking Bootgen: bootgen -arch fpga -image /storage/syncthing/work/pfs_ctrlr/pfs_ctrlr.sdk/block_design_wrapper_hw_platform_0/cache/bootimage.bif -w -o /storage/syncthing/work/pfs_ctrlr/pfs_ctrlr.sdk/block_design_wrapper_hw_platform_0/cache/BOOT.bin  -interface bpix16
15:02:43 INFO  : Bootgen command execution is done.
15:11:14 INFO  : Connected to target on host '127.0.0.1' and port '3121'.
15:11:14 INFO  : 'targets -set -filter {jtag_cable_name =~ "Digilent JTAG-SMT1 210203A030DEA" && level==0} -index 0' command is executed.
15:11:17 INFO  : FPGA configured successfully with bitstream "/storage/syncthing/work/pfs_ctrlr/pfs_ctrlr.sdk/block_design_wrapper_hw_platform_0/download.bit"
15:12:01 INFO  : Connected to target on host '127.0.0.1' and port '3121'.
15:12:04 INFO  : Invoking Bootgen: bootgen -arch fpga -image /storage/syncthing/work/pfs_ctrlr/pfs_ctrlr.sdk/block_design_wrapper_hw_platform_0/cache/bootimage.bif -w -o /storage/syncthing/work/pfs_ctrlr/pfs_ctrlr.sdk/block_design_wrapper_hw_platform_0/cache/BOOT.bin  -interface bpix16
15:12:04 INFO  : Bootgen command execution is done.
15:15:39 ERROR : Unexpected error while parsing XMD response ￿: com.google.gson.JsonSyntaxException: com.google.gson.stream.MalformedJsonException: invalid number or unquoted string near 
16:03:38 INFO  : Registering command handlers for SDK TCF services
16:03:38 INFO  : Launching XSCT server: xsct -n -interactive /storage/syncthing/work/pfs_ctrlr/pfs_ctrlr.sdk/temp_xsdb_launch_script.tcl
16:03:39 INFO  : XSCT server has started successfully.
16:03:40 INFO  : Successfully done setting XSCT server connection channel  
16:03:40 INFO  : Successfully done setting SDK workspace  
16:03:40 INFO  : Processing command line option -hwspec /storage/syncthing/work/pfs_ctrlr/pfs_ctrlr.sdk/block_design_wrapper.hdf.
16:03:40 INFO  : Checking for hwspec changes in the project block_design_wrapper_hw_platform_0.
16:03:40 INFO  : SDK has detected change in the last modified timestamps for source hardware specification file Source:1504738781000,  Project:1504666104000
16:03:40 INFO  : The hardware specification for project 'block_design_wrapper_hw_platform_0' is different from /storage/syncthing/work/pfs_ctrlr/pfs_ctrlr.sdk/block_design_wrapper.hdf.
16:03:40 INFO  : Copied contents of /storage/syncthing/work/pfs_ctrlr/pfs_ctrlr.sdk/block_design_wrapper.hdf into /block_design_wrapper_hw_platform_0/system.hdf.
16:03:40 INFO  : Synchronizing projects in the workspace with the hardware platform specification changes.
16:03:41 INFO  : 
16:03:42 INFO  : Updating hardware inferred compiler options for pfs_ctrlr.
16:03:42 INFO  : Clearing existing target manager status.
16:03:45 INFO  : Workspace synchronized with the new hardware specification file. Cleaning dependent projects...
16:03:45 WARN  : Linker script will not be updated automatically. Users need to update it manually.
16:05:27 ERROR : Unexpected error while parsing XMD response ￿: com.google.gson.JsonSyntaxException: com.google.gson.stream.MalformedJsonException: invalid number or unquoted string near 
16:06:01 INFO  : Registering command handlers for SDK TCF services
16:06:01 INFO  : Launching XSCT server: xsct -n -interactive /storage/syncthing/work/pfs_ctrlr/pfs_ctrlr.sdk/temp_xsdb_launch_script.tcl
16:06:02 INFO  : XSCT server has started successfully.
16:06:02 INFO  : Successfully done setting XSCT server connection channel  
16:06:02 INFO  : Successfully done setting SDK workspace  
16:06:02 INFO  : Processing command line option -hwspec /storage/syncthing/work/pfs_ctrlr/pfs_ctrlr.sdk/block_design_wrapper.hdf.
16:06:31 INFO  : Registering command handlers for SDK TCF services
16:06:32 INFO  : Launching XSCT server: xsct -n -interactive /storage/syncthing/work/pfs_ctrlr/pfs_ctrlr.sdk/temp_xsdb_launch_script.tcl
16:06:33 INFO  : XSCT server has started successfully.
16:06:33 INFO  : Successfully done setting XSCT server connection channel  
16:06:33 INFO  : Successfully done setting SDK workspace  
16:06:33 INFO  : Processing command line option -hwspec /storage/syncthing/work/pfs_ctrlr/pfs_ctrlr.sdk/block_design_wrapper.hdf.
16:07:33 INFO  : Connected to target on host '127.0.0.1' and port '3121'.
16:07:34 INFO  : 'targets -set -filter {jtag_cable_name =~ "Digilent JTAG-SMT1 210203A030DEA" && level==0} -index 0' command is executed.
16:07:37 INFO  : FPGA configured successfully with bitstream "/storage/syncthing/work/pfs_ctrlr/pfs_ctrlr.sdk/block_design_wrapper_hw_platform_0/download.bit"
16:08:25 INFO  : Connected to target on host '127.0.0.1' and port '3121'.
16:08:27 INFO  : Connected to target on host '127.0.0.1' and port '3121'.
16:08:34 INFO  : Invoking Bootgen: bootgen -arch fpga -image /storage/syncthing/work/pfs_ctrlr/pfs_ctrlr.sdk/block_design_wrapper_hw_platform_0/cache/bootimage.bif -w -o /storage/syncthing/work/pfs_ctrlr/pfs_ctrlr.sdk/block_design_wrapper_hw_platform_0/cache/BOOT.bin  -interface bpix16
16:08:34 INFO  : Bootgen command execution is done.
16:43:22 INFO  : Connected to target on host '127.0.0.1' and port '3121'.
16:43:22 INFO  : 'targets -set -filter {jtag_cable_name =~ "Digilent JTAG-SMT1 210203A030DEA" && level==0} -index 0' command is executed.
16:43:25 INFO  : FPGA configured successfully with bitstream "/storage/syncthing/work/pfs_ctrlr/pfs_ctrlr.sdk/block_design_wrapper_hw_platform_0/download.bit"
16:43:48 INFO  : Connected to target on host '127.0.0.1' and port '3121'.
16:43:52 INFO  : Connected to target on host '127.0.0.1' and port '3121'.
16:43:55 INFO  : Invoking Bootgen: bootgen -arch fpga -image /storage/syncthing/work/pfs_ctrlr/pfs_ctrlr.sdk/block_design_wrapper_hw_platform_0/cache/bootimage.bif -w -o /storage/syncthing/work/pfs_ctrlr/pfs_ctrlr.sdk/block_design_wrapper_hw_platform_0/cache/BOOT.bin  -interface bpix16
16:43:56 INFO  : Bootgen command execution is done.
16:47:59 INFO  : Connected to target on host '127.0.0.1' and port '3121'.
16:47:59 INFO  : 'targets -set -filter {jtag_cable_name =~ "Digilent JTAG-SMT1 210203A030DEA" && level==0} -index 0' command is executed.
16:48:04 INFO  : FPGA configured successfully with bitstream "/storage/syncthing/work/pfs_ctrlr/pfs_ctrlr.sdk/block_design_wrapper_hw_platform_0/download.bit"
16:48:12 INFO  : Connected to target on host '127.0.0.1' and port '3121'.
16:48:15 INFO  : Invoking Bootgen: bootgen -arch fpga -image /storage/syncthing/work/pfs_ctrlr/pfs_ctrlr.sdk/block_design_wrapper_hw_platform_0/cache/bootimage.bif -w -o /storage/syncthing/work/pfs_ctrlr/pfs_ctrlr.sdk/block_design_wrapper_hw_platform_0/cache/BOOT.bin  -interface bpix16
16:48:16 INFO  : Bootgen command execution is done.
17:42:17 INFO  : Registering command handlers for SDK TCF services
17:42:18 INFO  : Launching XSCT server: xsct -n -interactive /storage/syncthing/work/pfs_ctrlr/pfs_ctrlr.sdk/temp_xsdb_launch_script.tcl
17:42:19 INFO  : XSCT server has started successfully.
17:42:19 INFO  : Successfully done setting XSCT server connection channel  
17:42:19 INFO  : Successfully done setting SDK workspace  
17:42:19 INFO  : Processing command line option -hwspec /storage/syncthing/work/pfs_ctrlr/pfs_ctrlr.sdk/block_design_wrapper.hdf.
17:42:19 INFO  : Checking for hwspec changes in the project block_design_wrapper_hw_platform_0.
17:42:51 INFO  : Processor reset is completed for microblaze_0
17:51:27 INFO  : microblaze_0 Processor is in use. Please stop existing Run or Debug sessions before launching.
17:51:29 INFO  : Processor reset is completed for microblaze_0
17:53:53 INFO  : microblaze_0 Processor is in use. Please stop existing Run or Debug sessions before launching.
17:53:55 INFO  : Processor reset is completed for microblaze_0
17:56:58 INFO  : microblaze_0 Processor is in use. Please stop existing Run or Debug sessions before launching.
17:57:00 INFO  : Processor reset is completed for microblaze_0
17:58:20 INFO  : microblaze_0 Processor is in use. Please stop existing Run or Debug sessions before launching.
17:58:21 INFO  : Processor reset is completed for microblaze_0
18:01:16 INFO  : microblaze_0 Processor is in use. Please stop existing Run or Debug sessions before launching.
18:01:17 INFO  : Processor reset is completed for microblaze_0
18:37:35 ERROR : Unexpected error while parsing XMD response ￿: com.google.gson.JsonSyntaxException: com.google.gson.stream.MalformedJsonException: invalid number or unquoted string near 
18:40:18 INFO  : Registering command handlers for SDK TCF services
18:40:18 INFO  : Launching XSCT server: xsct -n -interactive /storage/syncthing/work/pfs_ctrlr/pfs_ctrlr.sdk/temp_xsdb_launch_script.tcl
18:40:19 INFO  : XSCT server has started successfully.
18:40:19 INFO  : Successfully done setting XSCT server connection channel  
18:40:20 INFO  : Successfully done setting SDK workspace  
18:40:20 INFO  : Processing command line option -hwspec /storage/syncthing/work/pfs_ctrlr/pfs_ctrlr.sdk/block_design_wrapper.hdf.
18:40:35 INFO  : SDK has detected change in the last modified timestamps for source hardware specification file Source:1504748342000,  Project:1504738781000
18:40:35 INFO  : Project block_design_wrapper_hw_platform_0's source hardware specification located at /storage/syncthing/work/pfs_ctrlr/pfs_ctrlr.sdk/block_design_wrapper.hdf is now different from the local copy.
		 The local copy will be replaced with the source specification and your workspace will be updated.
18:40:49 INFO  : Copied contents of /storage/syncthing/work/pfs_ctrlr/pfs_ctrlr.sdk/block_design_wrapper.hdf into /block_design_wrapper_hw_platform_0/system.hdf.
18:40:49 INFO  : Synchronizing projects in the workspace with the hardware platform specification changes.
18:40:50 INFO  : 
18:40:51 INFO  : Updating hardware inferred compiler options for pfs_ctrlr.
18:40:51 INFO  : Clearing existing target manager status.
18:40:53 INFO  : Workspace synchronized with the new hardware specification file. Cleaning dependent projects...
18:40:54 WARN  : Linker script will not be updated automatically. Users need to update it manually.
18:41:04 ERROR : Failed to closehw "/storage/syncthing/work/pfs_ctrlr/pfs_ctrlr.sdk/block_design_wrapper_hw_platform_1/system.hdf"
Reason: unable to find hardware specification file/project /storage/syncthing/work/pfs_ctrlr/pfs_ctrlr.sdk/block_design_wrapper_hw_platform_1/system.hdf
18:41:43 INFO  : Connected to target on host '127.0.0.1' and port '3121'.
18:41:43 INFO  : 'targets -set -filter {jtag_cable_name =~ "Digilent JTAG-SMT1 210203A030DEA" && level==0} -index 0' command is executed.
18:41:46 INFO  : FPGA configured successfully with bitstream "/storage/syncthing/work/pfs_ctrlr/pfs_ctrlr.sdk/block_design_wrapper_hw_platform_0/download.bit"
18:52:37 INFO  : Processor reset is completed for microblaze_0
18:52:42 INFO  : microblaze_0 Processor is in use. Please stop existing Run or Debug sessions before launching.
18:52:44 INFO  : Processor reset is completed for microblaze_0
18:59:51 INFO  : microblaze_0 Processor is in use. Please stop existing Run or Debug sessions before launching.
18:59:52 INFO  : Processor reset is completed for microblaze_0
19:09:19 INFO  : microblaze_0 Processor is in use. Please stop existing Run or Debug sessions before launching.
19:09:21 INFO  : Processor reset is completed for microblaze_0
19:09:56 INFO  : microblaze_0 Processor is in use. Please stop existing Run or Debug sessions before launching.
19:09:57 INFO  : Processor reset is completed for microblaze_0
19:14:28 INFO  : microblaze_0 Processor is in use. Please stop existing Run or Debug sessions before launching.
19:14:31 INFO  : Processor reset is completed for microblaze_0
19:19:03 INFO  : microblaze_0 Processor is in use. Please stop existing Run or Debug sessions before launching.
19:19:05 INFO  : Processor reset is completed for microblaze_0
19:37:38 INFO  : microblaze_0 Processor is in use. Please stop existing Run or Debug sessions before launching.
19:37:42 INFO  : Processor reset is completed for microblaze_0
19:43:14 INFO  : microblaze_0 Processor is in use. Please stop existing Run or Debug sessions before launching.
19:43:16 INFO  : Processor reset is completed for microblaze_0
19:45:16 INFO  : Connected to target on host '127.0.0.1' and port '3121'.
19:45:16 INFO  : 'targets -set -filter {jtag_cable_name =~ "Digilent JTAG-SMT1 210203A030DEA" && level==0} -index 0' command is executed.
19:45:22 INFO  : FPGA configured successfully with bitstream "/storage/syncthing/work/pfs_ctrlr/pfs_ctrlr.sdk/block_design_wrapper_hw_platform_0/download.bit"
19:46:14 INFO  : Connected to target on host '127.0.0.1' and port '3121'.
19:46:18 INFO  : Invoking Bootgen: bootgen -arch fpga -image /storage/syncthing/work/pfs_ctrlr/pfs_ctrlr.sdk/block_design_wrapper_hw_platform_0/cache/bootimage.bif -w -o /storage/syncthing/work/pfs_ctrlr/pfs_ctrlr.sdk/block_design_wrapper_hw_platform_0/cache/BOOT.bin  -interface bpix16
19:46:18 INFO  : Bootgen command execution is done.
20:01:03 ERROR : Unexpected error while parsing XMD response ￿: com.google.gson.JsonSyntaxException: com.google.gson.stream.MalformedJsonException: invalid number or unquoted string near 
10:45:04 INFO  : Registering command handlers for SDK TCF services
10:45:04 INFO  : Launching XSCT server: xsct -n -interactive /storage/syncthing/work/pfs_ctrlr/pfs_ctrlr.sdk/temp_xsdb_launch_script.tcl
10:45:05 INFO  : XSCT server has started successfully.
10:45:05 INFO  : Successfully done setting XSCT server connection channel  
10:45:05 INFO  : Successfully done setting SDK workspace  
10:45:05 INFO  : Processing command line option -hwspec /storage/syncthing/work/pfs_ctrlr/pfs_ctrlr.sdk/block_design_wrapper.hdf.
10:45:05 INFO  : Checking for hwspec changes in the project block_design_wrapper_hw_platform_0.
10:46:27 INFO  : Connected to target on host '127.0.0.1' and port '3121'.
10:46:27 INFO  : 'targets -set -filter {jtag_cable_name =~ "Digilent JTAG-SMT1 210203A030DEA" && level==0} -index 0' command is executed.
10:46:30 INFO  : FPGA configured successfully with bitstream "/storage/syncthing/work/pfs_ctrlr/pfs_ctrlr.sdk/block_design_wrapper_hw_platform_0/download.bit"
10:47:16 INFO  : Connected to target on host '127.0.0.1' and port '3121'.
10:47:22 INFO  : Invoking Bootgen: bootgen -arch fpga -image /storage/syncthing/work/pfs_ctrlr/pfs_ctrlr.sdk/block_design_wrapper_hw_platform_0/cache/bootimage.bif -w -o /storage/syncthing/work/pfs_ctrlr/pfs_ctrlr.sdk/block_design_wrapper_hw_platform_0/cache/BOOT.bin  -interface bpix16
10:47:22 INFO  : Bootgen command execution is done.
13:15:13 INFO  : Connected to target on host '127.0.0.1' and port '3121'.
13:15:13 INFO  : 'targets -set -filter {jtag_cable_name =~ "Digilent JTAG-SMT1 210203A030DEA" && level==0} -index 0' command is executed.
13:15:17 INFO  : FPGA configured successfully with bitstream "/storage/syncthing/work/pfs_ctrlr/pfs_ctrlr.sdk/block_design_wrapper_hw_platform_0/download.bit"
13:15:41 INFO  : Connected to target on host '127.0.0.1' and port '3121'.
13:15:45 INFO  : Invoking Bootgen: bootgen -arch fpga -image /storage/syncthing/work/pfs_ctrlr/pfs_ctrlr.sdk/block_design_wrapper_hw_platform_0/cache/bootimage.bif -w -o /storage/syncthing/work/pfs_ctrlr/pfs_ctrlr.sdk/block_design_wrapper_hw_platform_0/cache/BOOT.bin  -interface bpix16
13:15:46 INFO  : Bootgen command execution is done.
16:09:02 INFO  : Connected to target on host '127.0.0.1' and port '3121'.
16:09:02 INFO  : 'targets -set -filter {jtag_cable_name =~ "Digilent JTAG-SMT1 210203A030DEA" && level==0} -index 0' command is executed.
16:09:09 INFO  : FPGA configured successfully with bitstream "/storage/syncthing/work/pfs_ctrlr/pfs_ctrlr.sdk/block_design_wrapper_hw_platform_0/download.bit"
16:09:50 INFO  : Connected to target on host '127.0.0.1' and port '3121'.
16:10:13 INFO  : Invoking Bootgen: bootgen -arch fpga -image /storage/syncthing/work/pfs_ctrlr/pfs_ctrlr.sdk/block_design_wrapper_hw_platform_0/cache/bootimage.bif -w -o /storage/syncthing/work/pfs_ctrlr/pfs_ctrlr.sdk/block_design_wrapper_hw_platform_0/cache/BOOT.bin  -interface bpix16
16:10:13 INFO  : Bootgen command execution is done.
16:49:35 INFO  : Registering command handlers for SDK TCF services
16:49:35 INFO  : Launching XSCT server: xsct -n -interactive /storage/syncthing/work/pfs_ctrlr/pfs_ctrlr.sdk/temp_xsdb_launch_script.tcl
16:49:36 INFO  : XSCT server has started successfully.
16:49:36 INFO  : Successfully done setting XSCT server connection channel  
16:49:36 INFO  : Successfully done setting SDK workspace  
16:49:36 INFO  : Processing command line option -hwspec /storage/syncthing/work/pfs_ctrlr/pfs_ctrlr.sdk/block_design_wrapper.hdf.
16:50:07 INFO  : SDK has detected change in the last modified timestamps for source hardware specification file Source:1504828076000,  Project:1504748342000
16:50:07 INFO  : Project block_design_wrapper_hw_platform_0's source hardware specification located at /storage/syncthing/work/pfs_ctrlr/pfs_ctrlr.sdk/block_design_wrapper.hdf is now different from the local copy.
		 The local copy will be replaced with the source specification and your workspace will be updated.
16:50:12 INFO  : Copied contents of /storage/syncthing/work/pfs_ctrlr/pfs_ctrlr.sdk/block_design_wrapper.hdf into /block_design_wrapper_hw_platform_0/system.hdf.
16:50:12 INFO  : Synchronizing projects in the workspace with the hardware platform specification changes.
16:50:13 INFO  : 
16:50:14 INFO  : Updating hardware inferred compiler options for pfs_ctrlr.
16:50:14 INFO  : Clearing existing target manager status.
16:50:17 INFO  : Workspace synchronized with the new hardware specification file. Cleaning dependent projects...
16:50:17 WARN  : Linker script will not be updated automatically. Users need to update it manually.
16:50:41 ERROR : Failed to closehw "/storage/syncthing/work/pfs_ctrlr/pfs_ctrlr.sdk/block_design_wrapper_hw_platform_1/system.hdf"
Reason: unable to find hardware specification file/project /storage/syncthing/work/pfs_ctrlr/pfs_ctrlr.sdk/block_design_wrapper_hw_platform_1/system.hdf
16:50:49 ERROR : Unexpected error while parsing XMD response ￿: com.google.gson.JsonSyntaxException: com.google.gson.stream.MalformedJsonException: invalid number or unquoted string near 
16:50:58 INFO  : Registering command handlers for SDK TCF services
16:50:58 INFO  : Launching XSCT server: xsct -n -interactive /storage/syncthing/work/pfs_ctrlr/pfs_ctrlr.sdk/temp_xsdb_launch_script.tcl
16:50:59 INFO  : XSCT server has started successfully.
16:51:00 INFO  : Successfully done setting XSCT server connection channel  
16:51:00 INFO  : Successfully done setting SDK workspace  
16:51:00 INFO  : Processing command line option -hwspec /storage/syncthing/work/pfs_ctrlr/pfs_ctrlr.sdk/block_design_wrapper.hdf.
16:51:00 INFO  : Checking for hwspec changes in the project block_design_wrapper_hw_platform_0.
16:51:49 INFO  : Connected to target on host '127.0.0.1' and port '3121'.
16:51:49 INFO  : 'targets -set -filter {jtag_cable_name =~ "Digilent JTAG-SMT1 210203A030DEA" && level==0} -index 0' command is executed.
16:51:52 INFO  : FPGA configured successfully with bitstream "/storage/syncthing/work/pfs_ctrlr/pfs_ctrlr.sdk/block_design_wrapper_hw_platform_0/download.bit"
16:53:57 INFO  : Connected to target on host '127.0.0.1' and port '3121'.
16:54:10 INFO  : Invoking Bootgen: bootgen -arch fpga -image /storage/syncthing/work/pfs_ctrlr/pfs_ctrlr.sdk/block_design_wrapper_hw_platform_0/cache/bootimage.bif -w -o /storage/syncthing/work/pfs_ctrlr/pfs_ctrlr.sdk/block_design_wrapper_hw_platform_0/cache/BOOT.bin  -interface bpix16
16:54:11 INFO  : Bootgen command execution is done.
18:47:50 INFO  : Registering command handlers for SDK TCF services
18:47:51 INFO  : Launching XSCT server: xsct -n -interactive /home/rumney/Documents/jpl_git/pfs/pfs_develop/pfs_ctrlr/pfs_ctrlr.sdk/temp_xsdb_launch_script.tcl
18:47:52 INFO  : XSCT server has started successfully.
18:47:52 INFO  : Successfully done setting XSCT server connection channel  
18:47:52 INFO  : Successfully done setting SDK workspace  
18:47:52 INFO  : Processing command line option -hwspec /home/rumney/Documents/jpl_git/pfs/pfs_develop/pfs_ctrlr/pfs_ctrlr.sdk/block_design_wrapper.hdf.
18:49:58 INFO  : Connected to target on host '127.0.0.1' and port '3121'.
18:50:17 ERROR : Could not retrieve Flash Part information. Could not find FPGA device on the board for connection 'Local'.


Troubleshooting hints:
1. Check whether board is connected to system properly.
1. In case of zynq board, check whether Digilent/Xilinx cable switch settings are correct.
1. If you are using Xilinx Platform Cable USB, ensure that status LED is green.
08:48:48 INFO  : Connected to target on host '127.0.0.1' and port '3121'.
08:48:48 INFO  : 'targets -set -filter {jtag_cable_name =~ "Digilent JTAG-SMT1 210203A030DEA" && level==0} -index 0' command is executed.
08:48:52 INFO  : FPGA configured successfully with bitstream "/home/rumney/Documents/jpl_git/pfs/pfs_develop/pfs_ctrlr/pfs_ctrlr.sdk/block_design_wrapper_hw_platform_0/download.bit"
08:49:04 INFO  : Connected to target on host '127.0.0.1' and port '3121'.
08:49:57 INFO  : Connected to target on host '127.0.0.1' and port '3121'.
08:50:02 INFO  : Connected to target on host '127.0.0.1' and port '3121'.
08:51:05 INFO  : Invoking Bootgen: bootgen -arch fpga -image /home/rumney/Documents/jpl_git/pfs/pfs_develop/pfs_ctrlr/pfs_ctrlr.sdk/block_design_wrapper_hw_platform_0/cache/bootimage.bif -w -o /home/rumney/Documents/jpl_git/pfs/pfs_develop/pfs_ctrlr/pfs_ctrlr.sdk/block_design_wrapper_hw_platform_0/cache/BOOT.bin  -interface bpix16
08:51:05 INFO  : Bootgen command execution is done.
